<?xml version="1.0" encoding="UTF-8"?>
<testng-results skipped="0" failed="1" ignored="0" total="15" passed="14">
  <reporter-output>
  </reporter-output>
  <suite name="Suite" duration-ms="216548" started-at="2021-09-26T14:12:25 IST" finished-at="2021-09-26T14:16:02 IST">
    <groups>
    </groups>
    <test name="Test" duration-ms="216548" started-at="2021-09-26T14:12:25 IST" finished-at="2021-09-26T14:16:02 IST">
      <class name="CS.CS1Hybrid.HomePage">
        <test-method status="PASS" signature="before()[pri:0, instance:CS.CS1Hybrid.HomePage@46fa7c39]" name="before" is-config="true" duration-ms="4045" started-at="2021-09-26T14:12:25 IST" finished-at="2021-09-26T14:12:30 IST">
          <reporter-output>
          </reporter-output>
        </test-method> <!-- before -->
        <test-method status="PASS" signature="TCase1()[pri:0, instance:CS.CS1Hybrid.HomePage@46fa7c39]" name="TCase1" duration-ms="13021" started-at="2021-09-26T14:12:30 IST" finished-at="2021-09-26T14:12:43 IST">
          <reporter-output>
          </reporter-output>
        </test-method> <!-- TCase1 -->
        <test-method status="PASS" signature="teardown()[pri:0, instance:CS.CS1Hybrid.HomePage@46fa7c39]" name="teardown" is-config="true" duration-ms="805" started-at="2021-09-26T14:12:43 IST" finished-at="2021-09-26T14:12:43 IST">
          <reporter-output>
          </reporter-output>
        </test-method> <!-- teardown -->
        <test-method status="PASS" signature="before()[pri:0, instance:CS.CS1Hybrid.HomePage@46fa7c39]" name="before" is-config="true" duration-ms="2802" started-at="2021-09-26T14:12:43 IST" finished-at="2021-09-26T14:12:46 IST">
          <reporter-output>
          </reporter-output>
        </test-method> <!-- before -->
        <test-method status="PASS" signature="TCase10()[pri:0, instance:CS.CS1Hybrid.HomePage@46fa7c39]" name="TCase10" duration-ms="15409" started-at="2021-09-26T14:12:46 IST" finished-at="2021-09-26T14:13:02 IST">
          <reporter-output>
          </reporter-output>
        </test-method> <!-- TCase10 -->
        <test-method status="PASS" signature="teardown()[pri:0, instance:CS.CS1Hybrid.HomePage@46fa7c39]" name="teardown" is-config="true" duration-ms="945" started-at="2021-09-26T14:13:02 IST" finished-at="2021-09-26T14:13:03 IST">
          <reporter-output>
          </reporter-output>
        </test-method> <!-- teardown -->
        <test-method status="PASS" signature="before()[pri:0, instance:CS.CS1Hybrid.HomePage@46fa7c39]" name="before" is-config="true" duration-ms="3453" started-at="2021-09-26T14:13:03 IST" finished-at="2021-09-26T14:13:06 IST">
          <reporter-output>
          </reporter-output>
        </test-method> <!-- before -->
        <test-method status="PASS" signature="TCase11()[pri:0, instance:CS.CS1Hybrid.HomePage@46fa7c39]" name="TCase11" duration-ms="7423" started-at="2021-09-26T14:13:06 IST" finished-at="2021-09-26T14:13:13 IST">
          <reporter-output>
          </reporter-output>
        </test-method> <!-- TCase11 -->
        <test-method status="PASS" signature="teardown()[pri:0, instance:CS.CS1Hybrid.HomePage@46fa7c39]" name="teardown" is-config="true" duration-ms="991" started-at="2021-09-26T14:13:13 IST" finished-at="2021-09-26T14:13:14 IST">
          <reporter-output>
          </reporter-output>
        </test-method> <!-- teardown -->
        <test-method status="PASS" signature="before()[pri:0, instance:CS.CS1Hybrid.HomePage@46fa7c39]" name="before" is-config="true" duration-ms="3755" started-at="2021-09-26T14:13:14 IST" finished-at="2021-09-26T14:13:18 IST">
          <reporter-output>
          </reporter-output>
        </test-method> <!-- before -->
        <test-method status="PASS" signature="TCase12()[pri:0, instance:CS.CS1Hybrid.HomePage@46fa7c39]" name="TCase12" duration-ms="9826" started-at="2021-09-26T14:13:18 IST" finished-at="2021-09-26T14:13:28 IST">
          <reporter-output>
          </reporter-output>
        </test-method> <!-- TCase12 -->
        <test-method status="PASS" signature="teardown()[pri:0, instance:CS.CS1Hybrid.HomePage@46fa7c39]" name="teardown" is-config="true" duration-ms="877" started-at="2021-09-26T14:13:28 IST" finished-at="2021-09-26T14:13:29 IST">
          <reporter-output>
          </reporter-output>
        </test-method> <!-- teardown -->
        <test-method status="PASS" signature="before()[pri:0, instance:CS.CS1Hybrid.HomePage@46fa7c39]" name="before" is-config="true" duration-ms="3855" started-at="2021-09-26T14:13:29 IST" finished-at="2021-09-26T14:13:33 IST">
          <reporter-output>
          </reporter-output>
        </test-method> <!-- before -->
        <test-method status="PASS" signature="TCase13()[pri:0, instance:CS.CS1Hybrid.HomePage@46fa7c39]" name="TCase13" duration-ms="7407" started-at="2021-09-26T14:13:33 IST" finished-at="2021-09-26T14:13:40 IST">
          <reporter-output>
          </reporter-output>
        </test-method> <!-- TCase13 -->
        <test-method status="PASS" signature="teardown()[pri:0, instance:CS.CS1Hybrid.HomePage@46fa7c39]" name="teardown" is-config="true" duration-ms="863" started-at="2021-09-26T14:13:40 IST" finished-at="2021-09-26T14:13:41 IST">
          <reporter-output>
          </reporter-output>
        </test-method> <!-- teardown -->
        <test-method status="PASS" signature="before()[pri:0, instance:CS.CS1Hybrid.HomePage@46fa7c39]" name="before" is-config="true" duration-ms="3011" started-at="2021-09-26T14:13:41 IST" finished-at="2021-09-26T14:13:44 IST">
          <reporter-output>
          </reporter-output>
        </test-method> <!-- before -->
        <test-method status="PASS" signature="TCase14()[pri:0, instance:CS.CS1Hybrid.HomePage@46fa7c39]" name="TCase14" duration-ms="18245" started-at="2021-09-26T14:13:44 IST" finished-at="2021-09-26T14:14:02 IST">
          <reporter-output>
          </reporter-output>
        </test-method> <!-- TCase14 -->
        <test-method status="PASS" signature="teardown()[pri:0, instance:CS.CS1Hybrid.HomePage@46fa7c39]" name="teardown" is-config="true" duration-ms="1258" started-at="2021-09-26T14:14:02 IST" finished-at="2021-09-26T14:14:04 IST">
          <reporter-output>
          </reporter-output>
        </test-method> <!-- teardown -->
        <test-method status="PASS" signature="before()[pri:0, instance:CS.CS1Hybrid.HomePage@46fa7c39]" name="before" is-config="true" duration-ms="3606" started-at="2021-09-26T14:14:04 IST" finished-at="2021-09-26T14:14:07 IST">
          <reporter-output>
          </reporter-output>
        </test-method> <!-- before -->
        <test-method status="PASS" signature="TCase15()[pri:0, instance:CS.CS1Hybrid.HomePage@46fa7c39]" name="TCase15" duration-ms="9995" started-at="2021-09-26T14:14:07 IST" finished-at="2021-09-26T14:14:17 IST">
          <reporter-output>
          </reporter-output>
        </test-method> <!-- TCase15 -->
        <test-method status="PASS" signature="teardown()[pri:0, instance:CS.CS1Hybrid.HomePage@46fa7c39]" name="teardown" is-config="true" duration-ms="820" started-at="2021-09-26T14:14:17 IST" finished-at="2021-09-26T14:14:18 IST">
          <reporter-output>
          </reporter-output>
        </test-method> <!-- teardown -->
        <test-method status="PASS" signature="before()[pri:0, instance:CS.CS1Hybrid.HomePage@46fa7c39]" name="before" is-config="true" duration-ms="3981" started-at="2021-09-26T14:14:18 IST" finished-at="2021-09-26T14:14:22 IST">
          <reporter-output>
          </reporter-output>
        </test-method> <!-- before -->
        <test-method status="PASS" signature="TCase2()[pri:0, instance:CS.CS1Hybrid.HomePage@46fa7c39]" name="TCase2" duration-ms="5662" started-at="2021-09-26T14:14:22 IST" finished-at="2021-09-26T14:14:28 IST">
          <reporter-output>
          </reporter-output>
        </test-method> <!-- TCase2 -->
        <test-method status="PASS" signature="teardown()[pri:0, instance:CS.CS1Hybrid.HomePage@46fa7c39]" name="teardown" is-config="true" duration-ms="1724" started-at="2021-09-26T14:14:28 IST" finished-at="2021-09-26T14:14:29 IST">
          <reporter-output>
          </reporter-output>
        </test-method> <!-- teardown -->
        <test-method status="PASS" signature="before()[pri:0, instance:CS.CS1Hybrid.HomePage@46fa7c39]" name="before" is-config="true" duration-ms="3981" started-at="2021-09-26T14:14:29 IST" finished-at="2021-09-26T14:14:33 IST">
          <reporter-output>
          </reporter-output>
        </test-method> <!-- before -->
        <test-method status="PASS" signature="TCase3()[pri:0, instance:CS.CS1Hybrid.HomePage@46fa7c39]" name="TCase3" duration-ms="6415" started-at="2021-09-26T14:14:33 IST" finished-at="2021-09-26T14:14:40 IST">
          <reporter-output>
          </reporter-output>
        </test-method> <!-- TCase3 -->
        <test-method status="PASS" signature="teardown()[pri:0, instance:CS.CS1Hybrid.HomePage@46fa7c39]" name="teardown" is-config="true" duration-ms="974" started-at="2021-09-26T14:14:40 IST" finished-at="2021-09-26T14:14:41 IST">
          <reporter-output>
          </reporter-output>
        </test-method> <!-- teardown -->
        <test-method status="PASS" signature="before()[pri:0, instance:CS.CS1Hybrid.HomePage@46fa7c39]" name="before" is-config="true" duration-ms="3722" started-at="2021-09-26T14:14:41 IST" finished-at="2021-09-26T14:14:44 IST">
          <reporter-output>
          </reporter-output>
        </test-method> <!-- before -->
        <test-method status="FAIL" signature="TCase4()[pri:0, instance:CS.CS1Hybrid.HomePage@46fa7c39]" name="TCase4" duration-ms="16738" started-at="2021-09-26T14:14:44 IST" finished-at="2021-09-26T14:15:01 IST">
          <exception class="org.openqa.selenium.ElementNotInteractableException">
            <message>
              <![CDATA[element not interactable
  (Session info: chrome=93.0.4577.82)
Build info: version: '3.141.59', revision: 'e82be7d358', time: '2018-11-14T08:17:03'
System info: host: 'LAB-63761856569', ip: '172.18.23.243', os.name: 'Windows 10', os.arch: 'amd64', os.version: '10.0', java.version: '1.8.0_201'
Driver info: org.openqa.selenium.chrome.ChromeDriver
Capabilities {acceptInsecureCerts: false, browserName: chrome, browserVersion: 93.0.4577.82, chrome: {chromedriverVersion: 92.0.4515.107 (87a818b10553..., userDataDir: C:\Users\User\AppData\Local...}, goog:chromeOptions: {debuggerAddress: localhost:62725}, javascriptEnabled: true, networkConnectionEnabled: false, pageLoadStrategy: normal, platform: WINDOWS, platformName: WINDOWS, proxy: Proxy(), setWindowRect: true, strictFileInteractability: false, timeouts: {implicit: 0, pageLoad: 300000, script: 30000}, unhandledPromptBehavior: dismiss and notify, webauthn:extension:credBlob: true, webauthn:extension:largeBlob: true, webauthn:virtualAuthenticators: true}
Session ID: 7b70160215deec17a006740db216bbbb]]>
            </message>
            <full-stacktrace>
              <![CDATA[org.openqa.selenium.ElementNotInteractableException: element not interactable
  (Session info: chrome=93.0.4577.82)
Build info: version: '3.141.59', revision: 'e82be7d358', time: '2018-11-14T08:17:03'
System info: host: 'LAB-63761856569', ip: '172.18.23.243', os.name: 'Windows 10', os.arch: 'amd64', os.version: '10.0', java.version: '1.8.0_201'
Driver info: org.openqa.selenium.chrome.ChromeDriver
Capabilities {acceptInsecureCerts: false, browserName: chrome, browserVersion: 93.0.4577.82, chrome: {chromedriverVersion: 92.0.4515.107 (87a818b10553..., userDataDir: C:\Users\User\AppData\Local...}, goog:chromeOptions: {debuggerAddress: localhost:62725}, javascriptEnabled: true, networkConnectionEnabled: false, pageLoadStrategy: normal, platform: WINDOWS, platformName: WINDOWS, proxy: Proxy(), setWindowRect: true, strictFileInteractability: false, timeouts: {implicit: 0, pageLoad: 300000, script: 30000}, unhandledPromptBehavior: dismiss and notify, webauthn:extension:credBlob: true, webauthn:extension:largeBlob: true, webauthn:virtualAuthenticators: true}
Session ID: 7b70160215deec17a006740db216bbbb
at sun.reflect.NativeConstructorAccessorImpl.newInstance0(Native Method)
at sun.reflect.NativeConstructorAccessorImpl.newInstance(NativeConstructorAccessorImpl.java:62)
at sun.reflect.DelegatingConstructorAccessorImpl.newInstance(DelegatingConstructorAccessorImpl.java:45)
at java.lang.reflect.Constructor.newInstance(Constructor.java:423)
at org.openqa.selenium.remote.http.W3CHttpResponseCodec.createException(W3CHttpResponseCodec.java:187)
at org.openqa.selenium.remote.http.W3CHttpResponseCodec.decode(W3CHttpResponseCodec.java:122)
at org.openqa.selenium.remote.http.W3CHttpResponseCodec.decode(W3CHttpResponseCodec.java:49)
at org.openqa.selenium.remote.HttpCommandExecutor.execute(HttpCommandExecutor.java:158)
at org.openqa.selenium.remote.service.DriverCommandExecutor.execute(DriverCommandExecutor.java:83)
at org.openqa.selenium.remote.RemoteWebDriver.execute(RemoteWebDriver.java:552)
at org.openqa.selenium.remote.RemoteWebElement.execute(RemoteWebElement.java:285)
at org.openqa.selenium.remote.RemoteWebElement.click(RemoteWebElement.java:84)
at CS.CS1Hybrid.HomePage.TCase4(HomePage.java:112)
at sun.reflect.NativeMethodAccessorImpl.invoke0(Native Method)
at sun.reflect.NativeMethodAccessorImpl.invoke(NativeMethodAccessorImpl.java:62)
at sun.reflect.DelegatingMethodAccessorImpl.invoke(DelegatingMethodAccessorImpl.java:43)
at java.lang.reflect.Method.invoke(Method.java:498)
at org.testng.internal.MethodInvocationHelper.invokeMethod(MethodInvocationHelper.java:133)
at org.testng.internal.TestInvoker.invokeMethod(TestInvoker.java:598)
at org.testng.internal.TestInvoker.invokeTestMethod(TestInvoker.java:173)
at org.testng.internal.MethodRunner.runInSequence(MethodRunner.java:46)
at org.testng.internal.TestInvoker$MethodInvocationAgent.invoke(TestInvoker.java:824)
at org.testng.internal.TestInvoker.invokeTestMethods(TestInvoker.java:146)
at org.testng.internal.TestMethodWorker.invokeTestMethods(TestMethodWorker.java:146)
at org.testng.internal.TestMethodWorker.run(TestMethodWorker.java:128)
at java.util.ArrayList.forEach(ArrayList.java:1257)
at org.testng.TestRunner.privateRun(TestRunner.java:794)
at org.testng.TestRunner.run(TestRunner.java:596)
at org.testng.SuiteRunner.runTest(SuiteRunner.java:377)
at org.testng.SuiteRunner.runSequentially(SuiteRunner.java:371)
at org.testng.SuiteRunner.privateRun(SuiteRunner.java:332)
at org.testng.SuiteRunner.run(SuiteRunner.java:276)
at org.testng.SuiteRunnerWorker.runSuite(SuiteRunnerWorker.java:53)
at org.testng.SuiteRunnerWorker.run(SuiteRunnerWorker.java:96)
at org.testng.TestNG.runSuitesSequentially(TestNG.java:1212)
at org.testng.TestNG.runSuitesLocally(TestNG.java:1134)
at org.testng.TestNG.runSuites(TestNG.java:1063)
at org.testng.TestNG.run(TestNG.java:1031)
at org.testng.remote.AbstractRemoteTestNG.run(AbstractRemoteTestNG.java:115)
at org.testng.remote.RemoteTestNG.initAndRun(RemoteTestNG.java:251)
at org.testng.remote.RemoteTestNG.main(RemoteTestNG.java:77)
]]>
            </full-stacktrace>
          </exception> <!-- org.openqa.selenium.ElementNotInteractableException -->
          <reporter-output>
          </reporter-output>
        </test-method> <!-- TCase4 -->
        <test-method status="PASS" signature="teardown()[pri:0, instance:CS.CS1Hybrid.HomePage@46fa7c39]" name="teardown" is-config="true" duration-ms="832" started-at="2021-09-26T14:15:01 IST" finished-at="2021-09-26T14:15:02 IST">
          <reporter-output>
          </reporter-output>
        </test-method> <!-- teardown -->
        <test-method status="PASS" signature="before()[pri:0, instance:CS.CS1Hybrid.HomePage@46fa7c39]" name="before" is-config="true" duration-ms="2866" started-at="2021-09-26T14:15:02 IST" finished-at="2021-09-26T14:15:05 IST">
          <reporter-output>
          </reporter-output>
        </test-method> <!-- before -->
        <test-method status="PASS" signature="TCase5()[pri:0, instance:CS.CS1Hybrid.HomePage@46fa7c39]" name="TCase5" duration-ms="4182" started-at="2021-09-26T14:15:05 IST" finished-at="2021-09-26T14:15:09 IST">
          <reporter-output>
          </reporter-output>
        </test-method> <!-- TCase5 -->
        <test-method status="PASS" signature="teardown()[pri:0, instance:CS.CS1Hybrid.HomePage@46fa7c39]" name="teardown" is-config="true" duration-ms="790" started-at="2021-09-26T14:15:09 IST" finished-at="2021-09-26T14:15:10 IST">
          <reporter-output>
          </reporter-output>
        </test-method> <!-- teardown -->
        <test-method status="PASS" signature="before()[pri:0, instance:CS.CS1Hybrid.HomePage@46fa7c39]" name="before" is-config="true" duration-ms="3359" started-at="2021-09-26T14:15:10 IST" finished-at="2021-09-26T14:15:13 IST">
          <reporter-output>
          </reporter-output>
        </test-method> <!-- before -->
        <test-method status="PASS" signature="TCase6()[pri:0, instance:CS.CS1Hybrid.HomePage@46fa7c39]" name="TCase6" duration-ms="5777" started-at="2021-09-26T14:15:13 IST" finished-at="2021-09-26T14:15:19 IST">
          <reporter-output>
          </reporter-output>
        </test-method> <!-- TCase6 -->
        <test-method status="PASS" signature="teardown()[pri:0, instance:CS.CS1Hybrid.HomePage@46fa7c39]" name="teardown" is-config="true" duration-ms="1400" started-at="2021-09-26T14:15:19 IST" finished-at="2021-09-26T14:15:21 IST">
          <reporter-output>
          </reporter-output>
        </test-method> <!-- teardown -->
        <test-method status="PASS" signature="before()[pri:0, instance:CS.CS1Hybrid.HomePage@46fa7c39]" name="before" is-config="true" duration-ms="2882" started-at="2021-09-26T14:15:21 IST" finished-at="2021-09-26T14:15:24 IST">
          <reporter-output>
          </reporter-output>
        </test-method> <!-- before -->
        <test-method status="PASS" signature="TCase7()[pri:0, instance:CS.CS1Hybrid.HomePage@46fa7c39]" name="TCase7" duration-ms="5732" started-at="2021-09-26T14:15:24 IST" finished-at="2021-09-26T14:15:29 IST">
          <reporter-output>
          </reporter-output>
        </test-method> <!-- TCase7 -->
        <test-method status="PASS" signature="teardown()[pri:0, instance:CS.CS1Hybrid.HomePage@46fa7c39]" name="teardown" is-config="true" duration-ms="1472" started-at="2021-09-26T14:15:29 IST" finished-at="2021-09-26T14:15:31 IST">
          <reporter-output>
          </reporter-output>
        </test-method> <!-- teardown -->
        <test-method status="PASS" signature="before()[pri:0, instance:CS.CS1Hybrid.HomePage@46fa7c39]" name="before" is-config="true" duration-ms="3821" started-at="2021-09-26T14:15:31 IST" finished-at="2021-09-26T14:15:35 IST">
          <reporter-output>
          </reporter-output>
        </test-method> <!-- before -->
        <test-method status="PASS" signature="TCase8()[pri:0, instance:CS.CS1Hybrid.HomePage@46fa7c39]" name="TCase8" duration-ms="12849" started-at="2021-09-26T14:15:35 IST" finished-at="2021-09-26T14:15:47 IST">
          <reporter-output>
          </reporter-output>
        </test-method> <!-- TCase8 -->
        <test-method status="PASS" signature="teardown()[pri:0, instance:CS.CS1Hybrid.HomePage@46fa7c39]" name="teardown" is-config="true" duration-ms="1005" started-at="2021-09-26T14:15:47 IST" finished-at="2021-09-26T14:15:48 IST">
          <reporter-output>
          </reporter-output>
        </test-method> <!-- teardown -->
        <test-method status="PASS" signature="before()[pri:0, instance:CS.CS1Hybrid.HomePage@46fa7c39]" name="before" is-config="true" duration-ms="3233" started-at="2021-09-26T14:15:48 IST" finished-at="2021-09-26T14:15:52 IST">
          <reporter-output>
          </reporter-output>
        </test-method> <!-- before -->
        <test-method status="PASS" signature="TCase9()[pri:0, instance:CS.CS1Hybrid.HomePage@46fa7c39]" name="TCase9" duration-ms="9291" started-at="2021-09-26T14:15:52 IST" finished-at="2021-09-26T14:16:01 IST">
          <reporter-output>
          </reporter-output>
        </test-method> <!-- TCase9 -->
        <test-method status="PASS" signature="teardown()[pri:0, instance:CS.CS1Hybrid.HomePage@46fa7c39]" name="teardown" is-config="true" duration-ms="1047" started-at="2021-09-26T14:16:01 IST" finished-at="2021-09-26T14:16:02 IST">
          <reporter-output>
          </reporter-output>
        </test-method> <!-- teardown -->
      </class> <!-- CS.CS1Hybrid.HomePage -->
    </test> <!-- Test -->
  </suite> <!-- Suite -->
</testng-results>
