<?xml version="1.0" encoding="UTF-8"?>
<!-- Generated by org.testng.reporters.JUnitXMLReporter -->
<testsuite hostname="Lab-637618565692112620-1" ignored="14" name="Default test" tests="1" failures="0" timestamp="2021-09-30T08:11:22 IST" time="17.762" errors="0">
  <testcase name="TCase1" time="12.82" classname="CS.CS1Hybrid.HomePage"/>
  <testcase name="TCase3" time="0.0" classname="CS.CS1Hybrid.HomePage">
    <ignored/>
  </testcase> <!-- TCase3 -->
  <testcase name="TCase2" time="0.0" classname="CS.CS1Hybrid.HomePage">
    <ignored/>
  </testcase> <!-- TCase2 -->
  <testcase name="TCase10" time="0.0" classname="CS.CS1Hybrid.HomePage">
    <ignored/>
  </testcase> <!-- TCase10 -->
  <testcase name="TCase9" time="0.0" classname="CS.CS1Hybrid.HomePage">
    <ignored/>
  </testcase> <!-- TCase9 -->
  <testcase name="TCase11" time="0.0" classname="CS.CS1Hybrid.HomePage">
    <ignored/>
  </testcase> <!-- TCase11 -->
  <testcase name="TCase14" time="0.0" classname="CS.CS1Hybrid.HomePage">
    <ignored/>
  </testcase> <!-- TCase14 -->
  <testcase name="TCase13" time="0.0" classname="CS.CS1Hybrid.HomePage">
    <ignored/>
  </testcase> <!-- TCase13 -->
  <testcase name="TCase15" time="0.0" classname="CS.CS1Hybrid.HomePage">
    <ignored/>
  </testcase> <!-- TCase15 -->
  <testcase name="TCase7" time="0.0" classname="CS.CS1Hybrid.HomePage">
    <ignored/>
  </testcase> <!-- TCase7 -->
  <testcase name="TCase4" time="0.0" classname="CS.CS1Hybrid.HomePage">
    <ignored/>
  </testcase> <!-- TCase4 -->
  <testcase name="TCase6" time="0.0" classname="CS.CS1Hybrid.HomePage">
    <ignored/>
  </testcase> <!-- TCase6 -->
  <testcase name="TCase12" time="0.0" classname="CS.CS1Hybrid.HomePage">
    <ignored/>
  </testcase> <!-- TCase12 -->
  <testcase name="TCase8" time="0.0" classname="CS.CS1Hybrid.HomePage">
    <ignored/>
  </testcase> <!-- TCase8 -->
  <testcase name="TCase5" time="0.0" classname="CS.CS1Hybrid.HomePage">
    <ignored/>
  </testcase> <!-- TCase5 -->
</testsuite> <!-- Default test -->
